Using pre-set license
Built from '2020.2/release' branch; Version is '2020.2.2f1 (068178b99f32) revision 426360'; Using compiler version '192528614'; Build Type 'Release'
OS: 'Windows 10 Pro; OS build 19042.928; Version 2009; 64bit' Language: 'en' Physical Memory: 32682 MB
BatchMode: 1, IsHumanControllingUs: 0, StartBugReporterOnCrash: 0, Is64bit: 1, IsPro: 0

 COMMAND LINE ARGUMENTS:
C:\Program Files\Unity\Hub\Editor\2020.2.2f1\Editor\Unity.exe
-adb2
-batchMode
-noUpm
-name
AssetImportWorker0
-projectPath
C:/Users/facti/Documents/GitHub/cst326/Final-Project
-logFile
Logs/AssetImportWorker0.log
-srvPort
64940
Successfully changed project path to: C:/Users/facti/Documents/GitHub/cst326/Final-Project
C:/Users/facti/Documents/GitHub/cst326/Final-Project
Using Asset Import Pipeline V2.
Refreshing native plugins compatible for Editor in 19.31 ms, found 0 plugins.
Preloading 0 native plugins for Editor in 0.00 ms.
Initialize engine version: 2020.2.2f1 (068178b99f32)
[Subsystems] Discovering subsystems at path C:/Program Files/Unity/Hub/Editor/2020.2.2f1/Editor/Data/Resources/UnitySubsystems
[Subsystems] Discovering subsystems at path C:/Users/facti/Documents/GitHub/cst326/Final-Project/Assets
GfxDevice: creating device client; threaded=0
Direct3D:
    Version:  Direct3D 11.0 [level 11.1]
    Renderer: NVIDIA GeForce RTX 3090 (ID=0x2204)
    Vendor:   
    VRAM:     24348 MB
    Driver:   27.21.14.6611
Initialize mono
Mono path[0] = 'C:/Program Files/Unity/Hub/Editor/2020.2.2f1/Editor/Data/Managed'
Mono path[1] = 'C:/Program Files/Unity/Hub/Editor/2020.2.2f1/Editor/Data/MonoBleedingEdge/lib/mono/unityjit'
Mono config path = 'C:/Program Files/Unity/Hub/Editor/2020.2.2f1/Editor/Data/MonoBleedingEdge/etc'
Using monoOptions --debugger-agent=transport=dt_socket,embedding=1,server=y,suspend=n,address=127.0.0.1:56604
Begin MonoManager ReloadAssembly
Registering precompiled unity dll's ...
Register platform support module: C:/Program Files/Unity/Hub/Editor/2020.2.2f1/Editor/Data/PlaybackEngines/WindowsStandaloneSupport/UnityEditor.WindowsStandalone.Extensions.dll
Registered in 0.001601 seconds.
Native extension for WindowsStandalone target not found
Refreshing native plugins compatible for Editor in 19.77 ms, found 0 plugins.
Preloading 0 native plugins for Editor in 0.00 ms.
Invoked RoslynAnalysisRunner static constructor.
RoslynAnalysisRunner will not be running.
RoslynAnalysisRunner has terminated.
Mono: successfully reloaded assembly
- Completed reload, in  0.847 seconds
Platform modules already initialized, skipping
Registering precompiled user dll's ...
Registered in 0.000496 seconds.
Begin MonoManager ReloadAssembly
Native extension for WindowsStandalone target not found
Refreshing native plugins compatible for Editor in 0.19 ms, found 0 plugins.
Preloading 0 native plugins for Editor in 0.00 ms.
Invoked RoslynAnalysisRunner static constructor.
RoslynAnalysisRunner will not be running.
RoslynAnalysisRunner has terminated.
Mono: successfully reloaded assembly
- Completed reload, in  0.644 seconds
Platform modules already initialized, skipping
========================================================================
Worker process is ready to serve import requests
Launched and connected shader compiler UnityShaderCompiler.exe after 0.05 seconds
Refreshing native plugins compatible for Editor in 0.22 ms, found 0 plugins.
Preloading 0 native plugins for Editor in 0.00 ms.
Unloading 1099 Unused Serialized files (Serialized files now loaded: 0)
System memory in use before: 56.6 MB.
System memory in use after: 56.7 MB.

Unloading 10 unused Assets to reduce memory usage. Loaded Objects now: 1540.
Total: 1.543100 ms (FindLiveObjects: 0.144200 ms CreateObjectMapping: 0.025300 ms MarkObjects: 1.303900 ms  DeleteObjects: 0.068900 ms)

========================================================================
Received Import Request.
  path: Assets
  artifactKey: Guid(00000000000000001000000000000000) Importer(815301076,1909f56bfc062723c751e8b465ee728b)
Start importing Assets using Guid(00000000000000001000000000000000) Importer(815301076,1909f56bfc062723c751e8b465ee728b)  -> (artifact id: '4a6e520b92ccfc61bcfa21a7bcab8468') in 0.007646 seconds
  Import took 0.009435 seconds .

========================================================================
Received Import Request.
  Time since last request: 5.392337 seconds.
  path: Assets/Materials
  artifactKey: Guid(b8c25ad8032fe8a45b79227655debbc1) Importer(815301076,1909f56bfc062723c751e8b465ee728b)
Start importing Assets/Materials using Guid(b8c25ad8032fe8a45b79227655debbc1) Importer(815301076,1909f56bfc062723c751e8b465ee728b)  -> (artifact id: '47d179e66e4e564a27d95f8e35ce475b') in 0.005302 seconds
  Import took 0.006879 seconds .

========================================================================
Received Import Request.
  Time since last request: 129.130416 seconds.
  path: Assets/Prefabs
  artifactKey: Guid(a352e0c0d5767574bbc195209521686a) Importer(815301076,1909f56bfc062723c751e8b465ee728b)
Start importing Assets/Prefabs using Guid(a352e0c0d5767574bbc195209521686a) Importer(815301076,1909f56bfc062723c751e8b465ee728b)  -> (artifact id: '1d0e69d011d0272d88e9bc2cf1618ee9') in 0.005726 seconds
  Import took 0.007669 seconds .

========================================================================
Received Import Request.
  Time since last request: 6.978568 seconds.
  path: Assets/Scripts
  artifactKey: Guid(aa3d39e1ed7eb8144b1cd6d9f4b5eb46) Importer(815301076,1909f56bfc062723c751e8b465ee728b)
Start importing Assets/Scripts using Guid(aa3d39e1ed7eb8144b1cd6d9f4b5eb46) Importer(815301076,1909f56bfc062723c751e8b465ee728b)  -> (artifact id: 'd1a651f27c14a6c6dd08fda74e1b441f') in 0.005755 seconds
  Import took 0.007644 seconds .

========================================================================
Received Import Request.
  Time since last request: 5.565460 seconds.
  path: Assets/Models
  artifactKey: Guid(ee8b54199183c184895b8250c29da04e) Importer(815301076,1909f56bfc062723c751e8b465ee728b)
Start importing Assets/Models using Guid(ee8b54199183c184895b8250c29da04e) Importer(815301076,1909f56bfc062723c751e8b465ee728b)  -> (artifact id: '96742591b1f9a04961faad53e3208f4b') in 0.005665 seconds
  Import took 0.007201 seconds .

========================================================================
Received Import Request.
  Time since last request: 31.009182 seconds.
  path: Assets/Prefabs/cube.prefab
  artifactKey: Guid(1c2584994a2d1144c855340f40528f84) Importer(815301076,1909f56bfc062723c751e8b465ee728b)
Start importing Assets/Prefabs/cube.prefab using Guid(1c2584994a2d1144c855340f40528f84) Importer(815301076,1909f56bfc062723c751e8b465ee728b)  -> (artifact id: 'c104d1bae6f45ef945568b4c0c602efc') in 0.039623 seconds
  Import took 0.041750 seconds .

========================================================================
Received Import Request.
  Time since last request: 45.604033 seconds.
  path: Assets/Prefabs/Cube.prefab
  artifactKey: Guid(1c2584994a2d1144c855340f40528f84) Importer(815301076,1909f56bfc062723c751e8b465ee728b)
Start importing Assets/Prefabs/Cube.prefab using Guid(1c2584994a2d1144c855340f40528f84) Importer(815301076,1909f56bfc062723c751e8b465ee728b)  -> (artifact id: '092109e9e705d3552cc6681f2fbaa20a') in 0.053810 seconds
  Import took 0.055743 seconds .

========================================================================
Received Import Request.
  Time since last request: 1032.638729 seconds.
  path: Assets/Scripts/PlayerMovement.cs
  artifactKey: Guid(65dd24c4d9f327547825adfd98070690) Importer(815301076,1909f56bfc062723c751e8b465ee728b)
Start importing Assets/Scripts/PlayerMovement.cs using Guid(65dd24c4d9f327547825adfd98070690) Importer(815301076,1909f56bfc062723c751e8b465ee728b)  -> (artifact id: '299eb8f24a88e5b2ce95a7802b785fd2') in 0.012234 seconds
  Import took 0.014095 seconds .

========================================================================
Received Prepare
Registering precompiled user dll's ...
Registered in 0.000606 seconds.
Begin MonoManager ReloadAssembly
Native extension for WindowsStandalone target not found
Refreshing native plugins compatible for Editor in 0.20 ms, found 0 plugins.
Preloading 0 native plugins for Editor in 0.00 ms.
Invoked RoslynAnalysisRunner static constructor.
RoslynAnalysisRunner will not be running.
RoslynAnalysisRunner has terminated.
Mono: successfully reloaded assembly
- Completed reload, in  0.679 seconds
Platform modules already initialized, skipping
Refreshing native plugins compatible for Editor in 0.23 ms, found 0 plugins.
Preloading 0 native plugins for Editor in 0.00 ms.
Unloading 1095 Unused Serialized files (Serialized files now loaded: 0)
System memory in use before: 59.8 MB.
System memory in use after: 59.9 MB.

Unloading 6 unused Assets to reduce memory usage. Loaded Objects now: 1551.
Total: 1.739700 ms (FindLiveObjects: 0.147700 ms CreateObjectMapping: 0.026000 ms MarkObjects: 1.504000 ms  DeleteObjects: 0.059900 ms)

========================================================================
Received Prepare
Registering precompiled user dll's ...
Registered in 0.000542 seconds.
Begin MonoManager ReloadAssembly
Native extension for WindowsStandalone target not found
Refreshing native plugins compatible for Editor in 0.19 ms, found 0 plugins.
Preloading 0 native plugins for Editor in 0.00 ms.
Invoked RoslynAnalysisRunner static constructor.
RoslynAnalysisRunner will not be running.
RoslynAnalysisRunner has terminated.
Mono: successfully reloaded assembly
- Completed reload, in  0.608 seconds
Platform modules already initialized, skipping
Refreshing native plugins compatible for Editor in 0.20 ms, found 0 plugins.
Preloading 0 native plugins for Editor in 0.00 ms.
Unloading 1095 Unused Serialized files (Serialized files now loaded: 0)
System memory in use before: 60.0 MB.
System memory in use after: 60.0 MB.

Unloading 5 unused Assets to reduce memory usage. Loaded Objects now: 1553.
Total: 1.372400 ms (FindLiveObjects: 0.123100 ms CreateObjectMapping: 0.024300 ms MarkObjects: 1.179800 ms  DeleteObjects: 0.044200 ms)

========================================================================
Received Import Request.
  Time since last request: 1977.310894 seconds.
  path: Assets/Scripts/PlayerMovement.cs
  artifactKey: Guid(65dd24c4d9f327547825adfd98070690) Importer(815301076,1909f56bfc062723c751e8b465ee728b)
Start importing Assets/Scripts/PlayerMovement.cs using Guid(65dd24c4d9f327547825adfd98070690) Importer(815301076,1909f56bfc062723c751e8b465ee728b)  -> (artifact id: '92719039933d320f67d851619fc02814') in 0.003655 seconds
  Import took 0.005848 seconds .

========================================================================
Received Prepare
Registering precompiled user dll's ...
Registered in 0.000661 seconds.
Begin MonoManager ReloadAssembly
Native extension for WindowsStandalone target not found
Refreshing native plugins compatible for Editor in 0.19 ms, found 0 plugins.
Preloading 0 native plugins for Editor in 0.00 ms.
Invoked RoslynAnalysisRunner static constructor.
RoslynAnalysisRunner will not be running.
RoslynAnalysisRunner has terminated.
Mono: successfully reloaded assembly
- Completed reload, in  0.606 seconds
Platform modules already initialized, skipping
Refreshing native plugins compatible for Editor in 0.20 ms, found 0 plugins.
Preloading 0 native plugins for Editor in 0.00 ms.
Unloading 1095 Unused Serialized files (Serialized files now loaded: 0)
System memory in use before: 60.1 MB.
System memory in use after: 60.2 MB.

Unloading 5 unused Assets to reduce memory usage. Loaded Objects now: 1555.
Total: 1.590400 ms (FindLiveObjects: 0.228800 ms CreateObjectMapping: 0.025400 ms MarkObjects: 1.291700 ms  DeleteObjects: 0.043100 ms)

========================================================================
Received Prepare
Registering precompiled user dll's ...
Registered in 0.000614 seconds.
Begin MonoManager ReloadAssembly
Native extension for WindowsStandalone target not found
Refreshing native plugins compatible for Editor in 0.19 ms, found 0 plugins.
Preloading 0 native plugins for Editor in 0.00 ms.
Invoked RoslynAnalysisRunner static constructor.
RoslynAnalysisRunner will not be running.
RoslynAnalysisRunner has terminated.
Mono: successfully reloaded assembly
- Completed reload, in  0.604 seconds
Platform modules already initialized, skipping
Refreshing native plugins compatible for Editor in 0.20 ms, found 0 plugins.
Preloading 0 native plugins for Editor in 0.00 ms.
Unloading 1095 Unused Serialized files (Serialized files now loaded: 0)
System memory in use before: 60.3 MB.
System memory in use after: 60.3 MB.

Unloading 5 unused Assets to reduce memory usage. Loaded Objects now: 1557.
Total: 1.365800 ms (FindLiveObjects: 0.149600 ms CreateObjectMapping: 0.025200 ms MarkObjects: 1.145700 ms  DeleteObjects: 0.044500 ms)

